SF:lib/features/exercise_management/models/exercise.dart
DA:18,0
DA:19,0
DA:20,0
DA:23,0
DA:24,0
DA:26,0
DA:27,0
DA:28,0
DA:36,0
DA:37,0
DA:40,0
DA:42,0
DA:46,1
DA:49,0
DA:57,1
DA:65,2
DA:66,2
DA:67,2
DA:68,2
DA:69,2
DA:70,2
DA:73,0
DA:74,0
DA:75,0
DA:76,0
DA:82,0
DA:84,0
DA:87,0
DA:89,0
DA:90,0
DA:91,0
DA:101,0
DA:103,0
DA:104,0
DA:105,0
DA:106,0
DA:107,0
DA:108,0
DA:109,0
DA:110,0
DA:133,0
DA:135,0
DA:136,0
DA:138,0
DA:139,0
DA:141,0
DA:142,0
DA:144,0
DA:145,0
DA:147,0
DA:148,0
DA:150,0
DA:151,0
DA:153,0
DA:154,0
DA:156,0
DA:157,0
DA:159,0
DA:160,0
DA:162,0
DA:163,0
DA:165,0
DA:166,0
DA:168,0
DA:169,0
DA:171,0
DA:172,0
DA:174,0
DA:175,0
DA:177,0
DA:178,0
DA:180,0
DA:181,0
LF:73
LH:8
end_of_record
SF:lib/features/training_history/data/models/training_version.dart
DA:25,0
DA:28,1
DA:29,1
DA:30,1
DA:31,1
DA:32,1
DA:33,2
DA:34,3
DA:35,3
DA:36,1
DA:38,2
DA:39,2
DA:40,5
LF:13
LH:12
end_of_record
SF:lib/features/training_management/models/multiset.dart
DA:25,1
DA:36,1
DA:48,1
DA:49,2
DA:53,1
DA:65,1
DA:66,1
DA:67,1
DA:68,1
DA:69,1
DA:70,1
DA:71,1
DA:72,1
DA:74,2
DA:75,2
DA:76,2
DA:77,2
DA:80,0
DA:81,0
DA:83,1
DA:84,3
DA:85,1
LF:22
LH:20
end_of_record
SF:lib/features/training_management/models/training.dart
DA:19,1
DA:20,1
DA:21,2
DA:24,0
DA:25,0
DA:27,0
DA:28,0
DA:29,0
DA:44,1
DA:45,2
DA:48,0
DA:50,0
DA:57,0
DA:60,1
DA:68,1
DA:69,2
DA:71,1
DA:72,2
DA:76,1
DA:77,3
DA:78,3
DA:79,3
DA:82,0
DA:91,0
DA:92,0
DA:93,0
DA:94,0
DA:95,0
DA:96,0
DA:97,0
DA:98,0
DA:99,0
DA:105,1
DA:107,3
DA:110,0
DA:112,0
DA:113,0
DA:114,0
DA:125,0
DA:127,0
DA:128,0
DA:129,0
DA:130,0
DA:131,0
DA:132,0
DA:133,0
DA:134,0
DA:149,0
DA:151,0
DA:152,0
DA:153,0
DA:154,0
DA:155,0
DA:156,0
DA:157,0
DA:158,0
DA:159,0
DA:160,0
DA:161,0
DA:162,0
DA:163,0
DA:164,0
LF:62
LH:16
end_of_record
SF:lib/features/training_management/models/training_exercise.dart
DA:21,0
DA:22,0
DA:23,0
DA:26,0
DA:27,0
DA:29,0
DA:30,0
DA:31,0
DA:42,0
DA:43,0
DA:44,0
DA:47,0
DA:48,0
DA:49,0
DA:50,0
DA:73,0
DA:80,1
DA:106,2
DA:109,0
DA:110,0
DA:111,0
DA:112,0
DA:113,0
DA:116,0
DA:142,0
DA:143,0
DA:144,0
DA:145,0
DA:146,0
DA:147,0
DA:148,0
DA:149,0
DA:150,0
DA:151,0
DA:152,0
DA:153,0
DA:154,0
DA:155,0
DA:156,0
DA:157,0
DA:158,0
DA:159,0
DA:160,0
DA:161,0
DA:162,0
DA:163,0
DA:164,0
DA:165,0
DA:166,0
DA:170,1
DA:171,1
DA:172,1
DA:173,1
DA:174,1
DA:175,1
DA:176,1
DA:177,1
DA:178,1
DA:179,1
DA:180,1
DA:181,1
DA:182,1
DA:183,1
DA:184,1
DA:185,1
DA:186,1
DA:187,1
DA:188,1
DA:189,1
DA:190,1
DA:191,1
DA:192,1
DA:193,1
DA:194,1
DA:195,3
DA:208,0
DA:210,0
DA:211,0
DA:212,0
DA:213,0
DA:214,0
DA:215,0
DA:216,0
DA:217,0
DA:218,0
DA:219,0
DA:230,0
DA:232,0
DA:233,0
DA:234,0
DA:235,0
DA:236,0
DA:237,0
LF:93
LH:28
end_of_record
