SF:lib/features/training_management/data/models/training_exercise_model.dart
DA:4,7
DA:35,4
DA:36,4
DA:37,4
DA:38,4
DA:39,4
DA:40,4
DA:42,8
DA:43,4
DA:44,4
DA:46,8
DA:47,4
DA:48,4
DA:50,8
DA:51,4
DA:52,4
DA:54,8
DA:55,4
DA:56,4
DA:57,4
DA:58,4
DA:59,8
DA:60,4
DA:61,4
DA:62,4
DA:63,4
DA:64,4
DA:65,4
DA:66,8
DA:67,4
DA:68,4
DA:72,2
DA:73,2
DA:74,2
DA:75,2
DA:76,2
DA:77,2
DA:78,4
DA:79,2
DA:80,2
DA:81,4
DA:82,2
DA:83,2
DA:84,4
DA:85,2
DA:86,2
DA:87,4
DA:88,2
DA:89,2
DA:90,2
DA:91,2
DA:92,4
DA:93,2
DA:94,2
DA:95,2
DA:96,2
DA:97,2
DA:98,2
DA:99,4
DA:100,2
DA:101,2
DA:105,1
DA:109,1
DA:110,1
DA:113,1
DA:114,1
DA:115,1
DA:116,1
DA:117,1
DA:118,1
DA:119,1
DA:120,1
DA:121,1
DA:122,1
DA:123,1
DA:124,1
DA:125,1
DA:126,1
DA:127,1
DA:128,1
DA:129,1
DA:130,1
DA:131,1
DA:132,1
DA:133,1
DA:134,1
DA:135,1
DA:136,1
DA:137,1
DA:141,0
DA:143,0
DA:144,0
DA:145,0
DA:146,0
DA:147,0
DA:148,0
DA:149,0
DA:150,0
DA:151,0
DA:152,0
DA:153,0
DA:154,0
DA:155,0
DA:156,0
DA:157,0
DA:158,0
DA:159,0
DA:160,0
DA:161,0
DA:162,0
DA:163,0
DA:164,0
DA:165,0
DA:166,0
DA:167,0
DA:168,0
DA:169,0
DA:170,0
DA:171,0
LF:119
LH:89
end_of_record
SF:lib/features/training_management/domain/entities/training_exercise.dart
DA:37,16
DA:68,2
DA:98,2
DA:99,2
DA:100,2
DA:101,2
DA:102,2
DA:103,2
DA:104,2
DA:105,2
DA:106,2
DA:107,2
DA:108,2
DA:109,2
DA:110,2
DA:111,2
DA:112,2
DA:113,2
DA:114,2
DA:115,2
DA:116,2
DA:117,2
DA:118,2
DA:119,2
DA:120,2
DA:121,2
DA:122,2
DA:123,2
DA:124,2
DA:125,1
DA:126,2
DA:130,1
DA:131,1
DA:132,1
DA:133,1
DA:134,1
DA:136,1
DA:137,1
DA:138,1
DA:139,1
DA:140,1
DA:141,1
DA:142,1
DA:143,1
DA:144,1
DA:145,1
DA:146,1
DA:147,1
DA:148,1
DA:149,1
DA:150,1
DA:151,1
DA:152,1
DA:153,1
DA:154,1
DA:155,1
DA:156,1
DA:157,1
DA:158,1
DA:159,1
DA:163,6
DA:164,6
DA:165,6
DA:166,6
DA:167,6
DA:168,6
DA:169,6
DA:170,6
DA:171,6
DA:172,6
DA:173,6
DA:174,6
DA:175,6
DA:176,6
DA:177,6
DA:178,6
DA:179,6
DA:180,6
DA:181,6
DA:182,6
DA:183,6
DA:184,6
DA:185,6
DA:186,6
DA:187,6
DA:188,6
DA:189,6
DA:190,6
DA:191,6
DA:192,6
LF:90
LH:90
end_of_record
SF:lib/core/error/exceptions.dart
DA:4,2
DA:7,1
DA:8,2
LF:3
LH:3
end_of_record
SF:lib/features/exercise_management/data/datasources/exercise_local_data_source.dart
DA:37,2
DA:39,2
DA:43,6
DA:44,2
DA:45,2
DA:46,2
DA:50,2
DA:52,2
DA:53,2
DA:54,2
DA:57,2
DA:61,1
DA:64,2
DA:67,1
DA:70,1
DA:71,2
DA:73,1
DA:76,2
DA:80,1
DA:83,2
DA:85,3
DA:86,2
DA:91,2
DA:95,1
DA:98,1
DA:99,1
DA:100,1
DA:101,1
DA:102,1
DA:104,2
DA:106,1
DA:108,2
DA:112,2
DA:116,1
DA:119,2
DA:122,1
DA:125,2
LF:37
LH:37
end_of_record
SF:lib/features/exercise_management/domain/entities/exercise.dart
DA:9,15
DA:16,0
DA:22,0
DA:23,0
DA:24,0
DA:25,0
DA:26,0
DA:30,4
DA:31,20
LF:9
LH:3
end_of_record
SF:lib/features/exercise_management/data/models/exercise_model.dart
DA:4,6
DA:11,2
DA:12,2
DA:13,2
DA:14,2
DA:15,2
DA:16,2
DA:20,2
DA:21,2
DA:22,2
DA:23,2
DA:24,2
DA:25,2
LF:13
LH:13
end_of_record
SF:lib/features/training_management/data/datasources/training_local_data_source.dart
DA:25,1
DA:27,1
DA:30,2
DA:31,1
DA:32,1
DA:36,1
DA:39,0
DA:43,1
DA:46,3
DA:47,1
DA:50,1
DA:54,0
DA:55,0
DA:59,1
DA:62,2
DA:63,4
DA:65,0
DA:69,1
DA:72,1
DA:73,2
DA:76,1
DA:79,1
DA:80,1
DA:81,1
DA:82,1
DA:83,1
DA:84,1
DA:85,1
DA:86,1
DA:87,1
DA:90,0
DA:94,1
DA:95,2
DA:98,1
DA:101,2
DA:102,1
DA:103,1
DA:104,1
DA:105,1
DA:106,1
DA:107,1
DA:108,1
DA:109,1
DA:110,1
DA:111,1
DA:112,1
DA:114,1
DA:117,1
DA:119,2
DA:122,1
DA:125,2
DA:126,1
DA:127,1
DA:128,1
DA:129,1
DA:130,1
DA:131,1
DA:132,1
DA:133,1
DA:134,1
DA:135,1
DA:136,1
DA:137,1
DA:138,1
DA:139,1
DA:140,1
DA:141,1
DA:142,1
DA:143,1
DA:144,1
DA:145,1
DA:146,1
DA:147,1
DA:148,1
DA:149,1
DA:150,1
DA:151,1
DA:152,1
DA:153,1
DA:154,1
DA:155,1
DA:156,1
DA:157,1
DA:159,1
DA:162,1
DA:163,1
DA:164,1
DA:167,2
DA:168,1
DA:171,2
DA:174,4
DA:175,2
DA:180,1
DA:181,1
DA:183,0
DA:187,1
DA:190,2
DA:191,1
DA:192,1
DA:193,1
DA:197,1
DA:201,0
DA:202,0
DA:206,1
DA:208,3
DA:209,1
DA:213,1
DA:215,1
DA:216,1
DA:217,1
DA:218,2
DA:219,1
DA:221,1
DA:225,1
DA:230,1
DA:232,1
DA:233,1
DA:237,1
DA:240,1
DA:243,2
DA:244,1
DA:249,1
DA:251,1
DA:253,2
DA:255,1
DA:256,1
DA:257,2
DA:258,1
DA:260,1
DA:261,1
DA:267,1
DA:269,1
DA:271,2
DA:272,1
DA:278,1
DA:279,2
DA:280,1
DA:285,1
DA:288,2
DA:289,1
DA:296,1
DA:300,2
DA:301,1
DA:303,1
DA:306,1
DA:308,1
DA:310,2
DA:311,1
LF:148
LH:140
end_of_record
SF:lib/features/training_management/domain/entities/training.dart
DA:16,25
DA:25,2
DA:33,2
DA:34,2
DA:35,2
DA:36,2
DA:37,2
DA:38,2
DA:39,2
DA:43,4
DA:45,28
LF:11
LH:11
end_of_record
SF:lib/features/training_management/data/models/multiset_model.dart
DA:5,5
DA:18,3
DA:19,3
DA:20,3
DA:21,3
DA:22,3
DA:23,9
DA:25,3
DA:26,3
DA:27,3
DA:28,3
DA:29,3
DA:30,3
DA:31,3
DA:32,3
DA:36,2
DA:37,2
DA:38,2
DA:39,2
DA:40,2
DA:41,2
DA:42,2
DA:43,2
DA:44,2
DA:45,2
DA:46,2
DA:50,1
DA:51,1
DA:52,1
DA:54,1
DA:55,1
DA:56,1
DA:57,1
DA:58,1
DA:59,1
DA:60,1
DA:61,1
DA:65,0
DA:66,0
DA:67,0
DA:68,0
DA:69,0
DA:70,0
DA:71,0
DA:72,0
DA:73,0
DA:74,0
DA:75,0
DA:76,0
LF:49
LH:37
end_of_record
SF:lib/features/training_management/data/models/training_model.dart
DA:6,3
DA:15,2
DA:16,2
DA:17,2
DA:18,2
DA:19,4
DA:20,4
DA:21,2
DA:22,6
DA:24,2
DA:25,1
DA:26,2
DA:27,4
DA:28,2
DA:29,2
DA:30,1
DA:34,2
DA:35,2
DA:36,2
DA:37,2
DA:38,4
DA:39,4
DA:43,0
DA:44,0
DA:46,0
DA:47,0
DA:48,0
DA:49,0
DA:50,0
DA:54,1
DA:55,1
DA:56,1
DA:57,1
DA:58,1
DA:59,1
DA:60,1
DA:61,1
LF:37
LH:30
end_of_record
SF:lib/features/training_management/domain/entities/multiset.dart
DA:17,13
DA:30,2
DA:42,2
DA:43,2
DA:44,2
DA:45,2
DA:46,2
DA:47,2
DA:48,2
DA:49,2
DA:50,2
DA:51,2
DA:52,2
DA:56,5
DA:57,5
DA:58,5
DA:59,5
DA:60,5
DA:61,5
DA:62,5
DA:63,5
DA:64,5
DA:65,5
DA:66,5
LF:24
LH:24
end_of_record
SF:lib/core/error/failures.dart
DA:6,78
DA:8,0
DA:9,0
DA:13,77
DA:17,18
LF:5
LH:3
end_of_record
SF:lib/features/training_management/domain/usecases/fetch_trainings.dart
DA:11,1
DA:13,1
DA:16,2
LF:3
LH:3
end_of_record
SF:lib/features/training_management/domain/usecases/create_training.dart
DA:12,1
DA:14,1
DA:17,3
DA:27,2
DA:29,0
DA:30,0
LF:6
LH:4
end_of_record
SF:lib/features/training_management/domain/usecases/update_training.dart
DA:12,1
DA:14,1
DA:17,3
DA:21,3
DA:31,3
DA:33,1
DA:34,2
LF:7
LH:7
end_of_record
SF:lib/core/messages/bloc/message_state.dart
DA:4,2
DA:6,1
DA:7,1
DA:18,2
DA:20,1
DA:21,3
LF:6
LH:6
end_of_record
SF:lib/core/messages/bloc/message_event.dart
DA:5,12
DA:7,0
DA:8,0
DA:15,12
DA:17,3
DA:18,9
LF:6
LH:4
end_of_record
SF:lib/core/messages/bloc/message_bloc.dart
DA:8,3
DA:9,2
DA:10,4
LF:3
LH:3
end_of_record
SF:lib/features/training_management/domain/usecases/delete_training.dart
DA:11,1
DA:13,1
DA:16,3
DA:26,3
DA:28,1
DA:29,2
LF:6
LH:6
end_of_record
SF:lib/features/training_management/domain/usecases/get_training.dart
DA:12,1
DA:14,1
DA:17,3
DA:27,3
DA:29,1
DA:30,2
LF:6
LH:6
end_of_record
SF:lib/features/training_management/presentation/bloc/training_management_event.dart
DA:4,2
DA:6,0
DA:7,0
DA:18,1
DA:20,0
DA:21,0
DA:27,1
DA:29,0
DA:30,0
DA:36,1
DA:38,0
DA:39,0
DA:48,1
DA:50,0
DA:51,0
DA:55,1
DA:68,1
DA:77,0
DA:79,0
DA:85,1
DA:87,0
DA:88,0
DA:94,1
DA:96,0
DA:97,0
DA:104,1
DA:106,0
DA:107,0
DA:115,1
DA:118,0
DA:119,0
DA:127,1
DA:130,0
DA:131,0
LF:34
LH:12
end_of_record
SF:lib/features/training_management/presentation/bloc/training_management_state.dart
DA:4,2
DA:6,1
DA:7,1
DA:19,2
DA:30,1
DA:41,1
DA:42,1
DA:43,1
DA:52,2
DA:53,3
DA:54,3
DA:55,1
DA:56,2
DA:57,1
DA:58,2
DA:59,1
DA:60,2
DA:65,0
DA:66,0
DA:70,0
DA:74,0
DA:75,0
DA:82,1
DA:83,1
DA:84,1
DA:85,1
DA:86,1
DA:93,0
DA:95,0
DA:96,0
LF:30
LH:22
end_of_record
SF:lib/features/training_management/presentation/bloc/training_management_bloc.dart
DA:19,3
DA:20,0
DA:31,1
DA:38,2
DA:40,2
DA:41,2
DA:42,1
DA:43,4
DA:44,1
DA:45,1
DA:46,2
DA:51,2
DA:52,2
DA:53,1
DA:55,4
DA:57,1
DA:58,4
DA:59,1
DA:60,1
DA:61,1
DA:62,5
DA:63,1
DA:64,2
DA:71,2
DA:72,2
DA:73,1
DA:75,2
DA:84,1
DA:85,0
DA:86,0
DA:87,1
DA:88,1
DA:89,1
DA:95,2
DA:96,2
DA:97,1
DA:101,4
DA:102,1
DA:103,0
DA:104,0
DA:105,1
DA:110,2
DA:113,2
DA:114,2
DA:116,1
DA:120,4
DA:122,1
DA:123,0
DA:124,0
DA:125,0
DA:130,1
DA:136,1
DA:138,3
DA:140,1
DA:141,0
DA:142,0
DA:143,0
DA:148,1
DA:154,2
DA:156,1
DA:157,0
DA:158,0
DA:159,0
DA:163,1
DA:164,1
DA:165,2
DA:171,0
DA:172,0
DA:178,2
DA:179,2
DA:181,1
DA:185,4
DA:187,1
DA:188,1
DA:189,3
DA:190,1
DA:195,1
DA:200,1
DA:202,3
DA:204,1
DA:205,0
DA:206,0
DA:207,0
DA:212,1
DA:218,2
DA:220,1
DA:221,0
DA:222,0
DA:223,0
DA:227,1
DA:228,1
DA:229,2
DA:236,0
DA:237,0
DA:243,2
DA:244,2
DA:245,1
DA:246,2
DA:249,2
DA:250,2
DA:251,1
DA:252,2
DA:253,3
DA:254,1
DA:255,3
DA:257,3
DA:258,1
DA:259,2
DA:261,3
DA:264,2
DA:268,2
DA:269,2
DA:270,1
DA:273,4
DA:275,1
DA:276,1
DA:277,3
DA:278,1
DA:280,1
DA:281,2
DA:284,2
DA:289,2
DA:290,2
DA:291,1
DA:292,1
DA:293,2
DA:294,2
DA:296,2
DA:300,2
DA:304,2
DA:305,2
DA:306,1
DA:307,1
DA:308,2
DA:310,1
DA:311,4
DA:313,1
DA:314,2
DA:315,3
DA:316,2
DA:317,3
DA:319,2
DA:320,2
DA:321,2
DA:322,1
DA:326,1
DA:329,2
DA:331,2
DA:332,3
DA:333,1
DA:335,2
DA:337,2
DA:338,4
DA:343,4
DA:344,2
DA:345,1
DA:346,1
DA:347,1
DA:348,1
DA:351,4
DA:352,2
DA:353,1
DA:354,1
DA:355,1
DA:356,1
DA:358,2
DA:363,2
DA:367,2
DA:368,2
DA:369,1
DA:372,2
DA:373,5
DA:375,2
DA:376,1
DA:377,3
DA:378,1
DA:379,0
DA:383,2
DA:387,3
DA:388,1
DA:391,1
DA:392,2
DA:394,1
DA:397,2
DA:402,2
DA:404,0
DA:406,0
DA:412,2
DA:413,2
DA:414,1
DA:417,2
DA:418,5
DA:420,2
DA:421,1
DA:422,3
DA:423,1
DA:424,0
DA:429,5
DA:432,2
DA:433,1
DA:434,1
DA:435,1
DA:439,3
DA:440,1
DA:443,1
DA:444,2
DA:446,1
DA:449,2
DA:454,2
DA:456,3
DA:457,2
DA:463,2
DA:464,2
DA:465,1
DA:467,3
DA:469,2
DA:471,2
DA:475,2
DA:479,2
DA:480,2
DA:481,1
DA:484,1
DA:485,2
DA:491,4
DA:493,1
DA:494,1
DA:495,3
DA:496,1
DA:498,1
DA:499,2
DA:502,2
DA:510,1
DA:511,1
DA:512,1
DA:513,0
DA:514,0
DA:516,0
LF:237
LH:206
end_of_record
SF:lib/features/exercise_management/data/repositories/exercise_repository_impl.dart
DA:12,1
DA:14,1
DA:19,2
DA:20,1
DA:21,1
DA:26,1
DA:29,3
DA:30,1
DA:35,1
DA:38,3
DA:39,1
DA:44,1
DA:49,2
DA:50,1
DA:51,1
DA:56,1
DA:59,2
DA:61,1
LF:18
LH:18
end_of_record
SF:lib/features/exercise_management/domain/usecases/create_exercise.dart
DA:12,1
DA:14,1
DA:17,3
DA:21,3
DA:31,3
DA:33,1
DA:34,2
LF:7
LH:7
end_of_record
SF:lib/features/exercise_management/domain/usecases/delete_exercise.dart
DA:11,1
DA:13,1
DA:16,3
DA:26,3
DA:28,1
DA:29,2
LF:6
LH:6
end_of_record
SF:lib/features/exercise_management/domain/usecases/fetch_exercises.dart
DA:11,1
DA:13,1
DA:16,2
LF:3
LH:3
end_of_record
SF:lib/features/exercise_management/domain/usecases/get_exercise.dart
DA:12,1
DA:14,1
DA:17,3
DA:27,3
DA:29,1
DA:30,2
LF:6
LH:6
end_of_record
SF:lib/features/exercise_management/domain/usecases/update_exercise.dart
DA:12,1
DA:14,1
DA:17,3
DA:21,3
DA:31,3
DA:33,1
DA:34,2
LF:7
LH:7
end_of_record
SF:lib/features/exercise_management/presentation/bloc/exercise_management_event.dart
DA:4,2
DA:6,0
DA:7,0
DA:13,1
DA:15,0
DA:16,0
DA:22,1
DA:24,0
DA:25,0
DA:29,1
DA:37,1
DA:39,0
DA:40,0
DA:46,1
DA:48,0
DA:49,0
LF:16
LH:6
end_of_record
SF:lib/features/exercise_management/presentation/bloc/exercise_management_state.dart
DA:4,3
DA:6,0
DA:7,0
DA:18,2
DA:23,1
DA:28,1
DA:29,1
DA:32,1
DA:36,1
DA:37,3
DA:43,1
DA:45,1
DA:46,2
LF:13
LH:11
end_of_record
SF:lib/features/exercise_management/presentation/bloc/exercise_management_bloc.dart
DA:17,3
DA:18,2
DA:19,1
DA:30,1
DA:37,2
DA:38,2
DA:39,2
DA:41,1
DA:42,4
DA:43,1
DA:44,1
DA:45,2
DA:50,2
DA:51,2
DA:52,1
DA:53,4
DA:55,1
DA:56,1
DA:57,3
DA:58,1
DA:60,1
DA:61,2
DA:67,2
DA:68,2
DA:69,1
DA:70,1
DA:71,1
DA:76,2
DA:77,2
DA:78,1
DA:80,2
DA:81,2
DA:84,1
DA:85,1
DA:86,3
DA:87,1
DA:89,1
DA:90,3
DA:91,1
DA:92,3
DA:94,2
DA:95,1
DA:96,2
DA:102,2
DA:103,2
DA:104,1
DA:106,2
DA:107,2
DA:110,1
DA:111,1
DA:112,3
DA:113,1
DA:115,1
DA:116,1
DA:117,6
DA:119,2
DA:120,2
DA:121,2
DA:122,2
DA:123,2
DA:124,2
DA:125,2
DA:126,3
DA:127,1
DA:128,3
DA:135,2
DA:136,2
DA:137,1
DA:139,2
DA:140,2
DA:143,1
DA:144,1
DA:145,3
DA:146,1
DA:148,1
DA:150,6
DA:151,2
DA:152,5
DA:153,2
DA:154,3
DA:155,1
DA:156,2
DA:165,1
DA:166,1
DA:167,1
DA:168,1
DA:169,1
DA:171,0
LF:88
LH:87
end_of_record
